[0.009s] Invoking command in '/home/mpolia/workspace/ROS2/ros2_ws/build/cpp_pubsub': CMAKE_PREFIX_PATH=${CMAKE_PREFIX_PATH}:/opt/ros/humble /usr/bin/cmake /home/mpolia/workspace/ROS2/ros2_ws/src/cpp_pubsub -DCMAKE_INSTALL_PREFIX=/home/mpolia/workspace/ROS2/ros2_ws/install/cpp_pubsub
[0.094s] -- The C compiler identification is GNU 11.4.0
[0.187s] -- The CXX compiler identification is GNU 11.4.0
[0.197s] -- Detecting C compiler ABI info
[0.256s] -- Detecting C compiler ABI info - done
[0.273s] -- Check for working C compiler: /usr/bin/cc - skipped
[0.273s] -- Detecting C compile features
[0.273s] -- Detecting C compile features - done
[0.278s] -- Detecting CXX compiler ABI info
[0.347s] -- Detecting CXX compiler ABI info - done
[0.364s] -- Check for working CXX compiler: /usr/bin/c++ - skipped
[0.365s] -- Detecting CXX compile features
[0.365s] -- Detecting CXX compile features - done
[0.367s] -- Found ament_cmake: 1.3.10 (/opt/ros/humble/share/ament_cmake/cmake)
[0.492s] -- Found Python3: /usr/bin/python3 (found version "3.10.12") found components: Interpreter
[0.572s] -- Found rclcpp: 16.0.10 (/opt/ros/humble/share/rclcpp/cmake)
[0.613s] -- Found rosidl_generator_c: 3.1.5 (/opt/ros/humble/share/rosidl_generator_c/cmake)
[0.618s] -- Found rosidl_adapter: 3.1.5 (/opt/ros/humble/share/rosidl_adapter/cmake)
[0.627s] -- Found rosidl_generator_cpp: 3.1.5 (/opt/ros/humble/share/rosidl_generator_cpp/cmake)
[0.641s] -- Using all available rosidl_typesupport_c: rosidl_typesupport_fastrtps_c;rosidl_typesupport_introspection_c
[0.659s] -- Using all available rosidl_typesupport_cpp: rosidl_typesupport_fastrtps_cpp;rosidl_typesupport_introspection_cpp
[0.708s] -- Found rmw_implementation_cmake: 6.1.2 (/opt/ros/humble/share/rmw_implementation_cmake/cmake)
[0.711s] -- Found rmw_fastrtps_cpp: 6.2.7 (/opt/ros/humble/share/rmw_fastrtps_cpp/cmake)
[0.788s] -- Found OpenSSL: /usr/local/lib/libcrypto.so (found version "1.1.1u")
[0.817s] -- Found FastRTPS: /opt/ros/humble/include
[0.860s] -- Using RMW implementation 'rmw_fastrtps_cpp' as default
[0.868s] -- Performing Test CMAKE_HAVE_LIBC_PTHREAD
[0.932s] -- Performing Test CMAKE_HAVE_LIBC_PTHREAD - Success
[0.934s] -- Found Threads: TRUE
[1.005s] -- Found ament_lint_auto: 0.12.11 (/opt/ros/humble/share/ament_lint_auto/cmake)
[1.080s] -- Added test 'cppcheck' to perform static code analysis on C / C++ code
[1.081s] -- Configured cppcheck include dirs: 
[1.081s] -- Configured cppcheck exclude dirs and/or files: 
[1.081s] -- Added test 'lint_cmake' to check CMake code style
[1.083s] -- Added test 'uncrustify' to check C / C++ code style
[1.083s] -- Configured uncrustify additional arguments: 
[1.083s] -- Added test 'xmllint' to check XML markup files
[1.085s] -- Configuring done (1.1s)
[1.100s] -- Generating done (0.0s)
[1.100s] -- Build files have been written to: /home/mpolia/workspace/ROS2/ros2_ws/build/cpp_pubsub
[1.109s] Invoked command in '/home/mpolia/workspace/ROS2/ros2_ws/build/cpp_pubsub' returned '0': CMAKE_PREFIX_PATH=${CMAKE_PREFIX_PATH}:/opt/ros/humble /usr/bin/cmake /home/mpolia/workspace/ROS2/ros2_ws/src/cpp_pubsub -DCMAKE_INSTALL_PREFIX=/home/mpolia/workspace/ROS2/ros2_ws/install/cpp_pubsub
[1.112s] Invoking command in '/home/mpolia/workspace/ROS2/ros2_ws/build/cpp_pubsub': CMAKE_PREFIX_PATH=${CMAKE_PREFIX_PATH}:/opt/ros/humble /usr/bin/cmake --build /home/mpolia/workspace/ROS2/ros2_ws/build/cpp_pubsub -- -j8 -l8
[1.137s] [ 50%] [32mBuilding CXX object CMakeFiles/listener.dir/src/subscriber_member_function.cpp.o[0m
[1.137s] [ 50%] [32mBuilding CXX object CMakeFiles/talker.dir/src/publisher_member_function.cpp.o[0m
[5.623s] [ 75%] [32m[1mLinking CXX executable talker[0m
[5.820s] [ 75%] Built target talker
[9.357s] [100%] [32m[1mLinking CXX executable listener[0m
[9.712s] [100%] Built target listener
[9.717s] Invoked command in '/home/mpolia/workspace/ROS2/ros2_ws/build/cpp_pubsub' returned '0': CMAKE_PREFIX_PATH=${CMAKE_PREFIX_PATH}:/opt/ros/humble /usr/bin/cmake --build /home/mpolia/workspace/ROS2/ros2_ws/build/cpp_pubsub -- -j8 -l8
[9.744s] Invoking command in '/home/mpolia/workspace/ROS2/ros2_ws/build/cpp_pubsub': CMAKE_PREFIX_PATH=${CMAKE_PREFIX_PATH}:/opt/ros/humble /usr/bin/cmake --install /home/mpolia/workspace/ROS2/ros2_ws/build/cpp_pubsub
[9.747s] -- Install configuration: ""
[9.747s] -- Installing: /home/mpolia/workspace/ROS2/ros2_ws/install/cpp_pubsub/lib/cpp_pubsub/talker
[9.748s] -- Set non-toolchain portion of runtime path of "/home/mpolia/workspace/ROS2/ros2_ws/install/cpp_pubsub/lib/cpp_pubsub/talker" to ""
[9.749s] -- Up-to-date: /home/mpolia/workspace/ROS2/ros2_ws/install/cpp_pubsub/lib/cpp_pubsub/talker
[9.749s] -- Installing: /home/mpolia/workspace/ROS2/ros2_ws/install/cpp_pubsub/lib/cpp_pubsub/listener
[9.753s] -- Set non-toolchain portion of runtime path of "/home/mpolia/workspace/ROS2/ros2_ws/install/cpp_pubsub/lib/cpp_pubsub/listener" to ""
[9.753s] -- Installing: /home/mpolia/workspace/ROS2/ros2_ws/install/cpp_pubsub/share/ament_index/resource_index/package_run_dependencies/cpp_pubsub
[9.753s] -- Installing: /home/mpolia/workspace/ROS2/ros2_ws/install/cpp_pubsub/share/ament_index/resource_index/parent_prefix_path/cpp_pubsub
[9.753s] -- Installing: /home/mpolia/workspace/ROS2/ros2_ws/install/cpp_pubsub/share/cpp_pubsub/environment/ament_prefix_path.sh
[9.753s] -- Installing: /home/mpolia/workspace/ROS2/ros2_ws/install/cpp_pubsub/share/cpp_pubsub/environment/ament_prefix_path.dsv
[9.754s] -- Installing: /home/mpolia/workspace/ROS2/ros2_ws/install/cpp_pubsub/share/cpp_pubsub/environment/path.sh
[9.754s] -- Installing: /home/mpolia/workspace/ROS2/ros2_ws/install/cpp_pubsub/share/cpp_pubsub/environment/path.dsv
[9.754s] -- Installing: /home/mpolia/workspace/ROS2/ros2_ws/install/cpp_pubsub/share/cpp_pubsub/local_setup.bash
[9.754s] -- Installing: /home/mpolia/workspace/ROS2/ros2_ws/install/cpp_pubsub/share/cpp_pubsub/local_setup.sh
[9.754s] -- Installing: /home/mpolia/workspace/ROS2/ros2_ws/install/cpp_pubsub/share/cpp_pubsub/local_setup.zsh
[9.754s] -- Installing: /home/mpolia/workspace/ROS2/ros2_ws/install/cpp_pubsub/share/cpp_pubsub/local_setup.dsv
[9.754s] -- Installing: /home/mpolia/workspace/ROS2/ros2_ws/install/cpp_pubsub/share/cpp_pubsub/package.dsv
[9.754s] -- Installing: /home/mpolia/workspace/ROS2/ros2_ws/install/cpp_pubsub/share/ament_index/resource_index/packages/cpp_pubsub
[9.754s] -- Installing: /home/mpolia/workspace/ROS2/ros2_ws/install/cpp_pubsub/share/cpp_pubsub/cmake/cpp_pubsubConfig.cmake
[9.755s] -- Installing: /home/mpolia/workspace/ROS2/ros2_ws/install/cpp_pubsub/share/cpp_pubsub/cmake/cpp_pubsubConfig-version.cmake
[9.755s] -- Installing: /home/mpolia/workspace/ROS2/ros2_ws/install/cpp_pubsub/share/cpp_pubsub/package.xml
[9.756s] Invoked command in '/home/mpolia/workspace/ROS2/ros2_ws/build/cpp_pubsub' returned '0': CMAKE_PREFIX_PATH=${CMAKE_PREFIX_PATH}:/opt/ros/humble /usr/bin/cmake --install /home/mpolia/workspace/ROS2/ros2_ws/build/cpp_pubsub
