[0.000000] (-) TimerEvent: {}
[0.000189] (-) JobUnselected: {'identifier': 'cpp_pubsub'}
[0.000384] (-) JobUnselected: {'identifier': 'cpp_srvcli'}
[0.000405] (-) JobUnselected: {'identifier': 'examples_rclcpp_async_client'}
[0.000515] (-) JobUnselected: {'identifier': 'examples_rclcpp_cbg_executor'}
[0.000532] (-) JobUnselected: {'identifier': 'examples_rclcpp_minimal_action_client'}
[0.000572] (-) JobUnselected: {'identifier': 'examples_rclcpp_minimal_action_server'}
[0.000606] (-) JobUnselected: {'identifier': 'examples_rclcpp_minimal_client'}
[0.000660] (-) JobUnselected: {'identifier': 'examples_rclcpp_minimal_composition'}
[0.000692] (-) JobUnselected: {'identifier': 'examples_rclcpp_minimal_publisher'}
[0.000730] (-) JobUnselected: {'identifier': 'examples_rclcpp_minimal_service'}
[0.000771] (-) JobUnselected: {'identifier': 'examples_rclcpp_minimal_subscriber'}
[0.000847] (-) JobUnselected: {'identifier': 'examples_rclcpp_minimal_timer'}
[0.000865] (-) JobUnselected: {'identifier': 'examples_rclcpp_multithreaded_executor'}
[0.000883] (-) JobUnselected: {'identifier': 'examples_rclcpp_wait_set'}
[0.000915] (-) JobUnselected: {'identifier': 'examples_rclpy_executors'}
[0.000934] (-) JobUnselected: {'identifier': 'examples_rclpy_guard_conditions'}
[0.000961] (-) JobUnselected: {'identifier': 'examples_rclpy_minimal_action_client'}
[0.001022] (-) JobUnselected: {'identifier': 'examples_rclpy_minimal_action_server'}
[0.001069] (-) JobUnselected: {'identifier': 'examples_rclpy_minimal_client'}
[0.001111] (-) JobUnselected: {'identifier': 'examples_rclpy_minimal_publisher'}
[0.001134] (-) JobUnselected: {'identifier': 'examples_rclpy_minimal_service'}
[0.001233] (-) JobUnselected: {'identifier': 'examples_rclpy_minimal_subscriber'}
[0.001250] (-) JobUnselected: {'identifier': 'examples_rclpy_pointcloud_publisher'}
[0.001274] (-) JobUnselected: {'identifier': 'launch_testing_examples'}
[0.001303] (-) JobUnselected: {'identifier': 'tutorial_interfaces'}
[0.001325] (cpp_pubsub_tutorial_interfaces) JobQueued: {'identifier': 'cpp_pubsub_tutorial_interfaces', 'dependencies': OrderedDict([('tutorial_interfaces', '/home/mpolia/workspace/ROS2/ros2_ws/install/tutorial_interfaces')])}
[0.001349] (cpp_pubsub_tutorial_interfaces) JobStarted: {'identifier': 'cpp_pubsub_tutorial_interfaces'}
[0.011079] (cpp_pubsub_tutorial_interfaces) JobEnded: {'identifier': 'cpp_pubsub_tutorial_interfaces', 'rc': 1}
[0.021979] (-) EventReactorShutdown: {}
