[0.009s] Invoking command in '/home/mpolia/workspace/ROS2/ros2_ws/build/cpp_pubsub_tutorial_interfaces': AMENT_PREFIX_PATH=/home/mpolia/workspace/ROS2/ros2_ws/install/tutorial_interfaces:${AMENT_PREFIX_PATH} CMAKE_PREFIX_PATH=/home/mpolia/workspace/ROS2/ros2_ws/install/tutorial_interfaces:/opt/ros/humble LD_LIBRARY_PATH=/home/mpolia/workspace/ROS2/ros2_ws/install/tutorial_interfaces/lib:${LD_LIBRARY_PATH} PYTHONPATH=/home/mpolia/workspace/ROS2/ros2_ws/install/tutorial_interfaces/local/lib/python3.10/dist-packages:${PYTHONPATH} /usr/bin/cmake /home/mpolia/workspace/ROS2/ros2_ws/src/cpp_pubsub_tutorial_interfaces -DCMAKE_INSTALL_PREFIX=/home/mpolia/workspace/ROS2/ros2_ws/install/cpp_pubsub_tutorial_interfaces
[0.060s] -- The C compiler identification is GNU 11.4.0
[0.117s] -- The CXX compiler identification is GNU 11.4.0
[0.128s] -- Detecting C compiler ABI info
[0.185s] -- Detecting C compiler ABI info - done
[0.203s] -- Check for working C compiler: /usr/bin/cc - skipped
[0.203s] -- Detecting C compile features
[0.204s] -- Detecting C compile features - done
[0.208s] -- Detecting CXX compiler ABI info
[0.282s] -- Detecting CXX compiler ABI info - done
[0.299s] -- Check for working CXX compiler: /usr/bin/c++ - skipped
[0.300s] -- Detecting CXX compile features
[0.300s] -- Detecting CXX compile features - done
[0.303s] -- Found ament_cmake: 1.3.10 (/opt/ros/humble/share/ament_cmake/cmake)
[0.433s] -- Found Python3: /usr/bin/python3 (found version "3.10.12") found components: Interpreter
[0.517s] -- Found rclcpp: 16.0.10 (/opt/ros/humble/share/rclcpp/cmake)
[0.562s] -- Found rosidl_generator_c: 3.1.5 (/opt/ros/humble/share/rosidl_generator_c/cmake)
[0.567s] -- Found rosidl_adapter: 3.1.5 (/opt/ros/humble/share/rosidl_adapter/cmake)
[0.576s] -- Found rosidl_generator_cpp: 3.1.5 (/opt/ros/humble/share/rosidl_generator_cpp/cmake)
[0.590s] -- Using all available rosidl_typesupport_c: rosidl_typesupport_fastrtps_c;rosidl_typesupport_introspection_c
[0.609s] -- Using all available rosidl_typesupport_cpp: rosidl_typesupport_fastrtps_cpp;rosidl_typesupport_introspection_cpp
[0.662s] -- Found rmw_implementation_cmake: 6.1.2 (/opt/ros/humble/share/rmw_implementation_cmake/cmake)
[0.664s] -- Found rmw_fastrtps_cpp: 6.2.7 (/opt/ros/humble/share/rmw_fastrtps_cpp/cmake)
[0.744s] -- Found OpenSSL: /usr/local/lib/libcrypto.so (found version "1.1.1u")
[0.772s] -- Found FastRTPS: /opt/ros/humble/include
[0.815s] -- Using RMW implementation 'rmw_fastrtps_cpp' as default
[0.823s] -- Performing Test CMAKE_HAVE_LIBC_PTHREAD
[0.886s] -- Performing Test CMAKE_HAVE_LIBC_PTHREAD - Success
[0.887s] -- Found Threads: TRUE
[0.956s] -- Found tutorial_interfaces: 0.0.0 (/home/mpolia/workspace/ROS2/ros2_ws/install/tutorial_interfaces/share/tutorial_interfaces/cmake)
[0.999s] -- Found ament_lint_auto: 0.12.11 (/opt/ros/humble/share/ament_lint_auto/cmake)
[1.078s] -- Added test 'cppcheck' to perform static code analysis on C / C++ code
[1.078s] -- Configured cppcheck include dirs: 
[1.078s] -- Configured cppcheck exclude dirs and/or files: 
[1.079s] -- Added test 'lint_cmake' to check CMake code style
[1.080s] -- Added test 'uncrustify' to check C / C++ code style
[1.080s] -- Configured uncrustify additional arguments: 
[1.081s] -- Added test 'xmllint' to check XML markup files
[1.082s] -- Configuring done (1.1s)
[1.098s] -- Generating done (0.0s)
[1.099s] -- Build files have been written to: /home/mpolia/workspace/ROS2/ros2_ws/build/cpp_pubsub_tutorial_interfaces
[1.107s] Invoked command in '/home/mpolia/workspace/ROS2/ros2_ws/build/cpp_pubsub_tutorial_interfaces' returned '0': AMENT_PREFIX_PATH=/home/mpolia/workspace/ROS2/ros2_ws/install/tutorial_interfaces:${AMENT_PREFIX_PATH} CMAKE_PREFIX_PATH=/home/mpolia/workspace/ROS2/ros2_ws/install/tutorial_interfaces:/opt/ros/humble LD_LIBRARY_PATH=/home/mpolia/workspace/ROS2/ros2_ws/install/tutorial_interfaces/lib:${LD_LIBRARY_PATH} PYTHONPATH=/home/mpolia/workspace/ROS2/ros2_ws/install/tutorial_interfaces/local/lib/python3.10/dist-packages:${PYTHONPATH} /usr/bin/cmake /home/mpolia/workspace/ROS2/ros2_ws/src/cpp_pubsub_tutorial_interfaces -DCMAKE_INSTALL_PREFIX=/home/mpolia/workspace/ROS2/ros2_ws/install/cpp_pubsub_tutorial_interfaces
[1.109s] Invoking command in '/home/mpolia/workspace/ROS2/ros2_ws/build/cpp_pubsub_tutorial_interfaces': AMENT_PREFIX_PATH=/home/mpolia/workspace/ROS2/ros2_ws/install/tutorial_interfaces:${AMENT_PREFIX_PATH} CMAKE_PREFIX_PATH=/home/mpolia/workspace/ROS2/ros2_ws/install/tutorial_interfaces:/opt/ros/humble LD_LIBRARY_PATH=/home/mpolia/workspace/ROS2/ros2_ws/install/tutorial_interfaces/lib:${LD_LIBRARY_PATH} PYTHONPATH=/home/mpolia/workspace/ROS2/ros2_ws/install/tutorial_interfaces/local/lib/python3.10/dist-packages:${PYTHONPATH} /usr/bin/cmake --build /home/mpolia/workspace/ROS2/ros2_ws/build/cpp_pubsub_tutorial_interfaces -- -j8 -l8
[1.137s] [ 50%] [32mBuilding CXX object CMakeFiles/listener.dir/src/subscriber_member_function.cpp.o[0m
[1.137s] [ 50%] [32mBuilding CXX object CMakeFiles/talker.dir/src/publisher_member_function.cpp.o[0m
[5.675s] [ 75%] [32m[1mLinking CXX executable talker[0m
[5.875s] [ 75%] Built target talker
[9.545s] [100%] [32m[1mLinking CXX executable listener[0m
[9.929s] [100%] Built target listener
[9.934s] Invoked command in '/home/mpolia/workspace/ROS2/ros2_ws/build/cpp_pubsub_tutorial_interfaces' returned '0': AMENT_PREFIX_PATH=/home/mpolia/workspace/ROS2/ros2_ws/install/tutorial_interfaces:${AMENT_PREFIX_PATH} CMAKE_PREFIX_PATH=/home/mpolia/workspace/ROS2/ros2_ws/install/tutorial_interfaces:/opt/ros/humble LD_LIBRARY_PATH=/home/mpolia/workspace/ROS2/ros2_ws/install/tutorial_interfaces/lib:${LD_LIBRARY_PATH} PYTHONPATH=/home/mpolia/workspace/ROS2/ros2_ws/install/tutorial_interfaces/local/lib/python3.10/dist-packages:${PYTHONPATH} /usr/bin/cmake --build /home/mpolia/workspace/ROS2/ros2_ws/build/cpp_pubsub_tutorial_interfaces -- -j8 -l8
[9.961s] Invoking command in '/home/mpolia/workspace/ROS2/ros2_ws/build/cpp_pubsub_tutorial_interfaces': AMENT_PREFIX_PATH=/home/mpolia/workspace/ROS2/ros2_ws/install/tutorial_interfaces:${AMENT_PREFIX_PATH} CMAKE_PREFIX_PATH=/home/mpolia/workspace/ROS2/ros2_ws/install/tutorial_interfaces:/opt/ros/humble LD_LIBRARY_PATH=/home/mpolia/workspace/ROS2/ros2_ws/install/tutorial_interfaces/lib:${LD_LIBRARY_PATH} PYTHONPATH=/home/mpolia/workspace/ROS2/ros2_ws/install/tutorial_interfaces/local/lib/python3.10/dist-packages:${PYTHONPATH} /usr/bin/cmake --install /home/mpolia/workspace/ROS2/ros2_ws/build/cpp_pubsub_tutorial_interfaces
[9.964s] -- Install configuration: ""
[9.964s] -- Installing: /home/mpolia/workspace/ROS2/ros2_ws/install/cpp_pubsub_tutorial_interfaces/lib/cpp_pubsub_tutorial_interfaces/talker
[9.966s] -- Set non-toolchain portion of runtime path of "/home/mpolia/workspace/ROS2/ros2_ws/install/cpp_pubsub_tutorial_interfaces/lib/cpp_pubsub_tutorial_interfaces/talker" to ""
[9.966s] -- Up-to-date: /home/mpolia/workspace/ROS2/ros2_ws/install/cpp_pubsub_tutorial_interfaces/lib/cpp_pubsub_tutorial_interfaces/talker
[9.966s] -- Installing: /home/mpolia/workspace/ROS2/ros2_ws/install/cpp_pubsub_tutorial_interfaces/lib/cpp_pubsub_tutorial_interfaces/listener
[9.970s] -- Set non-toolchain portion of runtime path of "/home/mpolia/workspace/ROS2/ros2_ws/install/cpp_pubsub_tutorial_interfaces/lib/cpp_pubsub_tutorial_interfaces/listener" to ""
[9.970s] -- Installing: /home/mpolia/workspace/ROS2/ros2_ws/install/cpp_pubsub_tutorial_interfaces/share/ament_index/resource_index/package_run_dependencies/cpp_pubsub_tutorial_interfaces
[9.970s] -- Installing: /home/mpolia/workspace/ROS2/ros2_ws/install/cpp_pubsub_tutorial_interfaces/share/ament_index/resource_index/parent_prefix_path/cpp_pubsub_tutorial_interfaces
[9.970s] -- Installing: /home/mpolia/workspace/ROS2/ros2_ws/install/cpp_pubsub_tutorial_interfaces/share/cpp_pubsub_tutorial_interfaces/environment/ament_prefix_path.sh
[9.970s] -- Installing: /home/mpolia/workspace/ROS2/ros2_ws/install/cpp_pubsub_tutorial_interfaces/share/cpp_pubsub_tutorial_interfaces/environment/ament_prefix_path.dsv
[9.970s] -- Installing: /home/mpolia/workspace/ROS2/ros2_ws/install/cpp_pubsub_tutorial_interfaces/share/cpp_pubsub_tutorial_interfaces/environment/path.sh
[9.970s] -- Installing: /home/mpolia/workspace/ROS2/ros2_ws/install/cpp_pubsub_tutorial_interfaces/share/cpp_pubsub_tutorial_interfaces/environment/path.dsv
[9.971s] -- Installing: /home/mpolia/workspace/ROS2/ros2_ws/install/cpp_pubsub_tutorial_interfaces/share/cpp_pubsub_tutorial_interfaces/local_setup.bash
[9.971s] -- Installing: /home/mpolia/workspace/ROS2/ros2_ws/install/cpp_pubsub_tutorial_interfaces/share/cpp_pubsub_tutorial_interfaces/local_setup.sh
[9.971s] -- Installing: /home/mpolia/workspace/ROS2/ros2_ws/install/cpp_pubsub_tutorial_interfaces/share/cpp_pubsub_tutorial_interfaces/local_setup.zsh
[9.971s] -- Installing: /home/mpolia/workspace/ROS2/ros2_ws/install/cpp_pubsub_tutorial_interfaces/share/cpp_pubsub_tutorial_interfaces/local_setup.dsv
[9.971s] -- Installing: /home/mpolia/workspace/ROS2/ros2_ws/install/cpp_pubsub_tutorial_interfaces/share/cpp_pubsub_tutorial_interfaces/package.dsv
[9.971s] -- Installing: /home/mpolia/workspace/ROS2/ros2_ws/install/cpp_pubsub_tutorial_interfaces/share/ament_index/resource_index/packages/cpp_pubsub_tutorial_interfaces
[9.972s] -- Installing: /home/mpolia/workspace/ROS2/ros2_ws/install/cpp_pubsub_tutorial_interfaces/share/cpp_pubsub_tutorial_interfaces/cmake/cpp_pubsub_tutorial_interfacesConfig.cmake
[9.972s] -- Installing: /home/mpolia/workspace/ROS2/ros2_ws/install/cpp_pubsub_tutorial_interfaces/share/cpp_pubsub_tutorial_interfaces/cmake/cpp_pubsub_tutorial_interfacesConfig-version.cmake
[9.972s] -- Installing: /home/mpolia/workspace/ROS2/ros2_ws/install/cpp_pubsub_tutorial_interfaces/share/cpp_pubsub_tutorial_interfaces/package.xml
[9.974s] Invoked command in '/home/mpolia/workspace/ROS2/ros2_ws/build/cpp_pubsub_tutorial_interfaces' returned '0': AMENT_PREFIX_PATH=/home/mpolia/workspace/ROS2/ros2_ws/install/tutorial_interfaces:${AMENT_PREFIX_PATH} CMAKE_PREFIX_PATH=/home/mpolia/workspace/ROS2/ros2_ws/install/tutorial_interfaces:/opt/ros/humble LD_LIBRARY_PATH=/home/mpolia/workspace/ROS2/ros2_ws/install/tutorial_interfaces/lib:${LD_LIBRARY_PATH} PYTHONPATH=/home/mpolia/workspace/ROS2/ros2_ws/install/tutorial_interfaces/local/lib/python3.10/dist-packages:${PYTHONPATH} /usr/bin/cmake --install /home/mpolia/workspace/ROS2/ros2_ws/build/cpp_pubsub_tutorial_interfaces
